<?xml version="1.0" encoding="UTF-8"?>
<!-- Generated by org.testng.reporters.JUnitXMLReporter -->
<testsuite hostname="Vnshine-PC" name="Default test" tests="3" failures="0" timestamp="25 Aug 2019 07:09:03 GMT" time="46.399" errors="0">
  <testcase name="TC_01_ValidateCurrentUrl" time="0.052" classname="selenium_api.Topic_01_CheckEnviroment"/>
  <testcase name="TC_02_ValidatePageTitle" time="0.026" classname="selenium_api.Topic_01_CheckEnviroment"/>
  <testcase name="TC_03_LoginFormDisplayed" time="0.274" classname="selenium_api.Topic_01_CheckEnviroment"/>
</testsuite> <!-- Default test -->
