<?xml version="1.0" encoding="UTF-8"?>
<testng-results skipped="0" failed="0" total="3" passed="3">
  <reporter-output>
  </reporter-output>
  <suite name="Default suite" duration-ms="46399" started-at="2019-08-25T07:08:16Z" finished-at="2019-08-25T07:09:02Z">
    <groups>
    </groups>
    <test name="Default test" duration-ms="46399" started-at="2019-08-25T07:08:16Z" finished-at="2019-08-25T07:09:02Z">
      <class name="selenium_api.Topic_01_CheckEnviroment">
        <test-method status="PASS" signature="beforeClass()[pri:0, instance:selenium_api.Topic_01_CheckEnviroment@c39f790]" name="beforeClass" is-config="true" duration-ms="42755" started-at="2019-08-25T14:08:16Z" finished-at="2019-08-25T14:08:59Z">
          <reporter-output>
          </reporter-output>
        </test-method> <!-- beforeClass -->
        <test-method status="PASS" signature="TC_01_ValidateCurrentUrl()[pri:0, instance:selenium_api.Topic_01_CheckEnviroment@c39f790]" name="TC_01_ValidateCurrentUrl" duration-ms="52" started-at="2019-08-25T14:08:59Z" finished-at="2019-08-25T14:08:59Z">
          <reporter-output>
          </reporter-output>
        </test-method> <!-- TC_01_ValidateCurrentUrl -->
        <test-method status="PASS" signature="TC_02_ValidatePageTitle()[pri:0, instance:selenium_api.Topic_01_CheckEnviroment@c39f790]" name="TC_02_ValidatePageTitle" duration-ms="26" started-at="2019-08-25T14:08:59Z" finished-at="2019-08-25T14:08:59Z">
          <reporter-output>
          </reporter-output>
        </test-method> <!-- TC_02_ValidatePageTitle -->
        <test-method status="PASS" signature="TC_03_LoginFormDisplayed()[pri:0, instance:selenium_api.Topic_01_CheckEnviroment@c39f790]" name="TC_03_LoginFormDisplayed" duration-ms="274" started-at="2019-08-25T14:08:59Z" finished-at="2019-08-25T14:08:59Z">
          <reporter-output>
          </reporter-output>
        </test-method> <!-- TC_03_LoginFormDisplayed -->
        <test-method status="PASS" signature="afterClass()[pri:0, instance:selenium_api.Topic_01_CheckEnviroment@c39f790]" name="afterClass" is-config="true" duration-ms="3263" started-at="2019-08-25T14:08:59Z" finished-at="2019-08-25T14:09:02Z">
          <reporter-output>
          </reporter-output>
        </test-method> <!-- afterClass -->
      </class> <!-- selenium_api.Topic_01_CheckEnviroment -->
    </test> <!-- Default test -->
  </suite> <!-- Default suite -->
</testng-results>
